Arguments: 
  /Users/GKesarwani/.nvm/versions/node/v10.19.0/bin/node /usr/local/Cellar/yarn/1.22.4/libexec/bin/yarn.js add @monorepo-tutorials/core@1.0.0

PATH: 
  /Users/GKesarwani/.nvm/versions/node/v10.19.0/bin:/usr/local/bin:/usr/bin:/bin:/usr/sbin:/sbin:/Users/GKesarwani/.nvm/versions/node/v10.19.0/bin

Yarn version: 
  1.22.4

Node version: 
  10.19.0

Platform: 
  darwin x64

Trace: 
  Error: https://registry.yarnpkg.com/@monorepo-tutorials%2fcore: Not found
      at Request.params.callback [as _callback] (/usr/local/Cellar/yarn/1.22.4/libexec/lib/cli.js:66987:18)
      at Request.self.callback (/usr/local/Cellar/yarn/1.22.4/libexec/lib/cli.js:140748:22)
      at Request.emit (events.js:198:13)
      at Request.<anonymous> (/usr/local/Cellar/yarn/1.22.4/libexec/lib/cli.js:141720:10)
      at Request.emit (events.js:198:13)
      at IncomingMessage.<anonymous> (/usr/local/Cellar/yarn/1.22.4/libexec/lib/cli.js:141642:12)
      at Object.onceWrapper (events.js:286:20)
      at IncomingMessage.emit (events.js:203:15)
      at endReadableNT (_stream_readable.js:1145:12)
      at process._tickCallback (internal/process/next_tick.js:63:19)

npm manifest: 
  {
    "name": "@monorepo-tutorials/cli",
    "version": "1.0.0",
    "description": "Sample cli ",
    "main": "index.js",
    "author": "GauravKesarwani",
    "license": "MIT"
  }

yarn manifest: 
  No manifest

Lockfile: 
  No lockfile
